Configuration file: /home/jvp/Work/Working/jbprek.github.io/_config.yml
            Source: /home/jvp/Work/Working/jbprek.github.io
       Destination: /home/jvp/Work/Working/jbprek.github.io/_site
      Generating... 
[33m     Build Warning: Layout 'none' requested in feed.xml does not exist.[0m
                    done.
 Auto-regeneration: enabled for '/home/jvp/Work/Working/jbprek.github.io'
Configuration file: /home/jvp/Work/Working/jbprek.github.io/_config.yml
    Server address: http://0.0.0.0:4000/
  Server running... press ctrl-c to stop.
      Regenerating: 1 files at 2014-12-28 11:47:54 [33m     Build Warning: Layout 'none' requested in feed.xml does not exist.[0m
...done.
      Regenerating: 1 files at 2014-12-28 11:57:02 [33m     Build Warning: Layout 'none' requested in feed.xml does not exist.[0m
...done.
      Regenerating: 1 files at 2014-12-28 11:57:21 [33m     Build Warning: Layout 'none' requested in feed.xml does not exist.[0m
...done.
      Regenerating: 1 files at 2014-12-28 11:58:26 [33m     Build Warning: Layout 'none' requested in feed.xml does not exist.[0m
...done.
      Regenerating: 1 files at 2014-12-28 12:03:07 [33m     Build Warning: Layout 'none' requested in feed.xml does not exist.[0m
...done.
